<?xml version="1.0" encoding="UTF-8"?>
<!-- Generated by org.testng.reporters.JUnitXMLReporter -->
<testsuite ignored="0" hostname="Vaibhav" failures="0" tests="23" name="ParallelClasses" time="24.452" errors="0" timestamp="2025-08-24T01:24:03 IST">
  <testcase classname="vaibhav.AppTest1" name="loginTestInvalidData" time="2.433"/>
  <testcase classname="vaibhav.AppTest" name="loginTestInvalidData" time="2.449"/>
  <testcase classname="vaibhav.AppTest1" name="loginTestValidData" time="2.335"/>
  <testcase classname="vaibhav.AppTest" name="loginTestValidData" time="2.356"/>
  <testcase classname="vaibhav.AppTest1" name="deviceFilterTest" time="0.283">
    <skipped/>
  </testcase> <!-- deviceFilterTest -->
  <testcase classname="vaibhav.AppTest" name="deviceFilterTest" time="2.101"/>
  <testcase classname="vaibhav.AppTest1" name="deviceFilterTest" time="1.492"/>
  <testcase classname="vaibhav.AppTest" name="applyClearAllFilters" time="0.967"/>
  <testcase classname="vaibhav.AppTest1" name="applyClearAllFilters" time="1.113"/>
  <testcase classname="vaibhav.AppTest" name="applyAgeFilter" time="1.761"/>
  <testcase classname="vaibhav.AppTest1" name="applyAgeFilter" time="1.868"/>
  <testcase classname="vaibhav.AppTest" name="applyEmotionFilter" time="1.917"/>
  <testcase classname="vaibhav.AppTest1" name="applyEmotionFilter" time="1.826"/>
  <testcase classname="vaibhav.AppTest" name="applyEventPerPageFilter" time="1.563"/>
  <testcase classname="vaibhav.AppTest1" name="applyEventPerPageFilter" time="1.668"/>
  <testcase classname="vaibhav.AppTest" name="applyGlassesFilter" time="2.02"/>
  <testcase classname="vaibhav.AppTest1" name="applyGlassesFilter" time="1.539"/>
  <testcase classname="vaibhav.AppTest" name="applyMaskFilter" time="1.791"/>
  <testcase classname="vaibhav.AppTest1" name="applyMaskFilter" time="1.925"/>
  <testcase classname="vaibhav.AppTest" name="applyGenderFilter" time="1.407"/>
  <testcase classname="vaibhav.AppTest1" name="applyGenderFilter" time="1.624"/>
  <testcase classname="vaibhav.AppTest" name="applyDetectionConfFilter" time="1.322"/>
  <testcase classname="vaibhav.AppTest1" name="applyDetectionConfFilter" time="1.288"/>
</testsuite> <!-- ParallelClasses -->
