<?xml version="1.0" encoding="UTF-8"?>
<!-- Generated by org.testng.reporters.JUnitXMLReporter -->
<testsuite ignored="0" hostname="Vaibhav" failures="0" tests="4" name="Test" time="13.395" errors="0" timestamp="2025-08-20T02:05:50 IST">
  <testcase classname="vaibhav.AppTest" name="shouldAnswerWithTrue" time="0.017"/>
  <testcase classname="vaibhav.AppTest" name="loginTestInvalidData" time="0.747"/>
  <testcase classname="vaibhav.AppTest" name="loginTestValidData" time="0.622"/>
  <testcase classname="vaibhav.AppTest" name="deviceFilterTest" time="6.792"/>
</testsuite> <!-- Test -->
