<?xml version="1.0" encoding="UTF-8"?>
<!-- Generated by org.testng.reporters.JUnitXMLReporter -->
<testsuite ignored="0" hostname="Vaibhav" failures="0" tests="24" name="Test" time="63.406" errors="0" timestamp="2025-08-22T02:21:10 IST">
  <testcase classname="vaibhav.AppTest" name="loginTestInvalidData" time="2.729"/>
  <testcase classname="vaibhav.AppTest" name="loginTestInvalidData" time="2.785"/>
  <testcase classname="vaibhav.AppTest" name="loginTestValidData" time="2.737"/>
  <testcase classname="vaibhav.AppTest" name="loginTestValidData" time="2.681"/>
  <testcase classname="vaibhav.AppTest" name="deviceFilterTest" time="0.841">
    <skipped/>
  </testcase> <!-- deviceFilterTest -->
  <testcase classname="vaibhav.AppTest" name="deviceFilterTest" time="2.195"/>
  <testcase classname="vaibhav.AppTest" name="deviceFilterTest" time="0.531">
    <skipped/>
  </testcase> <!-- deviceFilterTest -->
  <testcase classname="vaibhav.AppTest" name="deviceFilterTest" time="2.469"/>
  <testcase classname="vaibhav.AppTest" name="applyClearAllFilters" time="1.317"/>
  <testcase classname="vaibhav.AppTest" name="applyClearAllFilters" time="1.254"/>
  <testcase classname="vaibhav.AppTest" name="applyAgeFilter" time="2.28"/>
  <testcase classname="vaibhav.AppTest" name="applyAgeFilter" time="2.193"/>
  <testcase classname="vaibhav.AppTest" name="applyEmotionFilter" time="2.42"/>
  <testcase classname="vaibhav.AppTest" name="applyEmotionFilter" time="2.239"/>
  <testcase classname="vaibhav.AppTest" name="applyEventPerPageFilter" time="2.108"/>
  <testcase classname="vaibhav.AppTest" name="applyEventPerPageFilter" time="1.989"/>
  <testcase classname="vaibhav.AppTest" name="applyGlassesFilter" time="2.834"/>
  <testcase classname="vaibhav.AppTest" name="applyGlassesFilter" time="2.244"/>
  <testcase classname="vaibhav.AppTest" name="applyMaskFilter" time="2.89"/>
  <testcase classname="vaibhav.AppTest" name="applyMaskFilter" time="2.529"/>
  <testcase classname="vaibhav.AppTest" name="applyGenderFilter" time="2.394"/>
  <testcase classname="vaibhav.AppTest" name="applyGenderFilter" time="2.428"/>
  <testcase classname="vaibhav.AppTest" name="applyDetectionConfFilter" time="2.07"/>
  <testcase classname="vaibhav.AppTest" name="applyDetectionConfFilter" time="2.014"/>
</testsuite> <!-- Test -->
