<?xml version="1.0" encoding="UTF-8"?>
<testsuite xmlns:xsi="http://www.w3.org/2001/XMLSchema-instance" xsi:noNamespaceSchemaLocation="https://maven.apache.org/surefire/maven-surefire-plugin/xsd/surefire-test-report-3.0.xsd" version="3.0" name="TestSuite" time="65.846" tests="24" errors="0" skipped="2" failures="0">
  <properties>
[...]
</properties>
  <testcase name="loginTestInvalidData" classname="vaibhav.AppTest" time="2.718">
    <system-err><![CDATA[SLF4J: Failed to load class "org.slf4j.impl.StaticLoggerBinder".
SLF4J: Defaulting to no-operation (NOP) logger implementation
SLF4J: See http://www.slf4j.org/codes.html#StaticLoggerBinder for further details.
Aug 22, 2025 2:20:09 AM org.openqa.selenium.devtools.CdpVersionFinder findNearestMatch
WARNING: Unable to find CDP implementation matching 139
Aug 22, 2025 2:20:09 AM org.openqa.selenium.chromium.ChromiumDriver lambda$new$5
WARNING: Unable to find version of CDP to use for 139.0.7258.128. You may need to include a dependency on a specific version of the CDP using something similar to `org.seleniumhq.selenium:selenium-devtools-v86:4.21.0` where the version ("v86") matches the version of the chromium-based browser you're using and the version number of the artifact is the same as Selenium's.
]]></system-err>
  </testcase>
  <testcase name="loginTestInvalidData" classname="vaibhav.AppTest" time="2.783">
    <system-err><![CDATA[Aug 22, 2025 2:20:16 AM org.openqa.selenium.devtools.CdpVersionFinder findNearestMatch
WARNING: Unable to find CDP implementation matching 139
Aug 22, 2025 2:20:16 AM org.openqa.selenium.chromium.ChromiumDriver lambda$new$5
WARNING: Unable to find version of CDP to use for 139.0.7258.128. You may need to include a dependency on a specific version of the CDP using something similar to `org.seleniumhq.selenium:selenium-devtools-v86:4.21.0` where the version ("v86") matches the version of the chromium-based browser you're using and the version number of the artifact is the same as Selenium's.
]]></system-err>
  </testcase>
  <testcase name="loginTestValidData" classname="vaibhav.AppTest" time="2.738"/>
  <testcase name="loginTestValidData" classname="vaibhav.AppTest" time="2.682"/>
  <testcase name="deviceFilterTest" classname="vaibhav.AppTest" time="0.0">
    <skipped message="stale element reference: stale element not found in the current frame&#10;  (Session info: chrome=139.0.7258.128)&#10;For documentation on this error, please visit: https://www.selenium.dev/documentation/webdriver/troubleshooting/errors#stale-element-reference-exception&#10;Build info: version: &apos;4.21.0&apos;, revision: &apos;79ed462ef4&apos;&#10;System info: os.name: &apos;Windows 11&apos;, os.arch: &apos;amd64&apos;, os.version: &apos;10.0&apos;, java.version: &apos;21.0.6&apos;&#10;Driver info: org.openqa.selenium.chrome.ChromeDriver&#10;Command: [b8c0522bc4f4692f6d0bf889794935ad, isElementDisplayed {id=f.2073F07CC0EFB583A49E9DD161C649C6.d.FE1FF36E2082C8180A4428B5694116E2.e.81}]&#10;Capabilities {acceptInsecureCerts: false, browserName: chrome, browserVersion: 139.0.7258.128, chrome: {chromedriverVersion: 139.0.7258.138 (884e54ea8d4..., userDataDir: C:\Users\vaibh\AppData\Loca...}, fedcm:accounts: true, goog:chromeOptions: {debuggerAddress: localhost:62238}, networkConnectionEnabled: false, pageLoadStrategy: normal, platformName: windows, proxy: Proxy(), se:cdp: ws://localhost:62238/devtoo..., se:cdpVersion: 139.0.7258.128, setWindowRect: true, strictFileInteractability: false, timeouts: {implicit: 0, pageLoad: 300000, script: 30000}, unhandledPromptBehavior: dismiss and notify, webauthn:extension:credBlob: true, webauthn:extension:largeBlob: true, webauthn:extension:minPinLength: true, webauthn:extension:prf: true, webauthn:virtualAuthenticators: true}&#10;Element: [[ChromeDriver: chrome on windows (b8c0522bc4f4692f6d0bf889794935ad)] -&gt; xpath: //div[@class=&apos;right&apos;]/button[1]]&#10;Session ID: b8c0522bc4f4692f6d0bf889794935ad"/>
  </testcase>
  <testcase name="deviceFilterTest" classname="vaibhav.AppTest" time="2.196"/>
  <testcase name="deviceFilterTest" classname="vaibhav.AppTest" time="0.0">
    <skipped message="stale element reference: stale element not found in the current frame&#10;  (Session info: chrome=139.0.7258.128)&#10;For documentation on this error, please visit: https://www.selenium.dev/documentation/webdriver/troubleshooting/errors#stale-element-reference-exception&#10;Build info: version: &apos;4.21.0&apos;, revision: &apos;79ed462ef4&apos;&#10;System info: os.name: &apos;Windows 11&apos;, os.arch: &apos;amd64&apos;, os.version: &apos;10.0&apos;, java.version: &apos;21.0.6&apos;&#10;Driver info: org.openqa.selenium.chrome.ChromeDriver&#10;Command: [567d27b4c76f930c2c9cdd4db18ccab3, isElementDisplayed {id=f.214C1EC82824C4DD418D29AD87637A7D.d.1DDACAC64819114C39D1C5602B9CF68C.e.82}]&#10;Capabilities {acceptInsecureCerts: false, browserName: chrome, browserVersion: 139.0.7258.128, chrome: {chromedriverVersion: 139.0.7258.138 (884e54ea8d4..., userDataDir: C:\Users\vaibh\AppData\Loca...}, fedcm:accounts: true, goog:chromeOptions: {debuggerAddress: localhost:62278}, networkConnectionEnabled: false, pageLoadStrategy: normal, platformName: windows, proxy: Proxy(), se:cdp: ws://localhost:62278/devtoo..., se:cdpVersion: 139.0.7258.128, setWindowRect: true, strictFileInteractability: false, timeouts: {implicit: 0, pageLoad: 300000, script: 30000}, unhandledPromptBehavior: dismiss and notify, webauthn:extension:credBlob: true, webauthn:extension:largeBlob: true, webauthn:extension:minPinLength: true, webauthn:extension:prf: true, webauthn:virtualAuthenticators: true}&#10;Element: [[ChromeDriver: chrome on windows (567d27b4c76f930c2c9cdd4db18ccab3)] -&gt; xpath: //div[@class=&apos;right&apos;]/button[1]]&#10;Session ID: 567d27b4c76f930c2c9cdd4db18ccab3"/>
  </testcase>
  <testcase name="deviceFilterTest" classname="vaibhav.AppTest" time="2.471"/>
  <testcase name="applyClearAllFilters" classname="vaibhav.AppTest" time="1.316"/>
  <testcase name="applyClearAllFilters" classname="vaibhav.AppTest" time="1.257"/>
  <testcase name="applyAgeFilter" classname="vaibhav.AppTest" time="2.28"/>
  <testcase name="applyAgeFilter" classname="vaibhav.AppTest" time="2.194"/>
  <testcase name="applyEmotionFilter" classname="vaibhav.AppTest" time="2.421"/>
  <testcase name="applyEmotionFilter" classname="vaibhav.AppTest" time="2.24"/>
  <testcase name="applyEventPerPageFilter" classname="vaibhav.AppTest" time="2.108"/>
  <testcase name="applyEventPerPageFilter" classname="vaibhav.AppTest" time="1.988"/>
  <testcase name="applyGlassesFilter" classname="vaibhav.AppTest" time="2.834"/>
  <testcase name="applyGlassesFilter" classname="vaibhav.AppTest" time="2.245"/>
  <testcase name="applyMaskFilter" classname="vaibhav.AppTest" time="2.889"/>
  <testcase name="applyMaskFilter" classname="vaibhav.AppTest" time="2.53"/>
  <testcase name="applyGenderFilter" classname="vaibhav.AppTest" time="2.394"/>
  <testcase name="applyGenderFilter" classname="vaibhav.AppTest" time="2.429"/>
  <testcase name="applyDetectionConfFilter" classname="vaibhav.AppTest" time="2.07"/>
  <testcase name="applyDetectionConfFilter" classname="vaibhav.AppTest" time="2.015"/>
</testsuite>