<?xml version="1.0" encoding="UTF-8"?>
<testng-results retried="2" ignored="2" total="26" passed="22" failed="0" skipped="0">
  <reporter-output>
  </reporter-output>
  <suite started-at="2025-08-22T02:20:07 IST" name="Suite" finished-at="2025-08-22T02:21:10 IST" duration-ms="63406">
    <groups>
    </groups>
    <test started-at="2025-08-22T02:20:07 IST" name="Test" finished-at="2025-08-22T02:21:10 IST" duration-ms="63406">
      <class name="vaibhav.AppTest">
        <test-method is-config="true" signature="setUp()[pri:0, instance:vaibhav.AppTest@4b79ac84, instance params:[]]" started-at="2025-08-22T02:20:07 IST" name="setUp" finished-at="2025-08-22T02:20:11 IST" duration-ms="4557" status="PASS">
          <reporter-output>
          </reporter-output>
        </test-method> <!-- setUp -->
        <test-method signature="loginTestInvalidData()[pri:0, instance:vaibhav.AppTest@4b79ac84, instance params:[]]" started-at="2025-08-22T02:20:11 IST" name="loginTestInvalidData" finished-at="2025-08-22T02:20:14 IST" duration-ms="2729" status="PASS">
          <reporter-output>
          </reporter-output>
        </test-method> <!-- loginTestInvalidData -->
        <test-method is-config="true" signature="setUp()[pri:0, instance:vaibhav.AppTest@52c3cb31, instance params:[]]" started-at="2025-08-22T02:20:14 IST" name="setUp" finished-at="2025-08-22T02:20:18 IST" duration-ms="3763" status="PASS">
          <reporter-output>
          </reporter-output>
        </test-method> <!-- setUp -->
        <test-method signature="loginTestInvalidData()[pri:0, instance:vaibhav.AppTest@52c3cb31, instance params:[]]" started-at="2025-08-22T02:20:18 IST" name="loginTestInvalidData" finished-at="2025-08-22T02:20:20 IST" duration-ms="2785" status="PASS">
          <reporter-output>
          </reporter-output>
        </test-method> <!-- loginTestInvalidData -->
        <test-method signature="loginTestValidData()[pri:0, instance:vaibhav.AppTest@4b79ac84, instance params:[]]" started-at="2025-08-22T02:20:20 IST" name="loginTestValidData" finished-at="2025-08-22T02:20:23 IST" duration-ms="2737" status="PASS">
          <reporter-output>
          </reporter-output>
        </test-method> <!-- loginTestValidData -->
        <test-method signature="loginTestValidData()[pri:0, instance:vaibhav.AppTest@52c3cb31, instance params:[]]" started-at="2025-08-22T02:20:23 IST" name="loginTestValidData" finished-at="2025-08-22T02:20:26 IST" duration-ms="2681" status="PASS">
          <reporter-output>
          </reporter-output>
        </test-method> <!-- loginTestValidData -->
        <test-method retried="true" signature="deviceFilterTest()[pri:0, instance:vaibhav.AppTest@4b79ac84, instance params:[]]" started-at="2025-08-22T02:20:26 IST" name="deviceFilterTest" finished-at="2025-08-22T02:20:27 IST" duration-ms="841" status="SKIP">
          <exception class="org.openqa.selenium.StaleElementReferenceException">
            <message>
              <![CDATA[stale element reference: stale element not found in the current frame
  (Session info: chrome=139.0.7258.128)
For documentation on this error, please visit: https://www.selenium.dev/documentation/webdriver/troubleshooting/errors#stale-element-reference-exception
Build info: version: '4.21.0', revision: '79ed462ef4'
System info: os.name: 'Windows 11', os.arch: 'amd64', os.version: '10.0', java.version: '21.0.6'
Driver info: org.openqa.selenium.chrome.ChromeDriver
Command: [b8c0522bc4f4692f6d0bf889794935ad, isElementDisplayed {id=f.2073F07CC0EFB583A49E9DD161C649C6.d.FE1FF36E2082C8180A4428B5694116E2.e.81}]
Capabilities {acceptInsecureCerts: false, browserName: chrome, browserVersion: 139.0.7258.128, chrome: {chromedriverVersion: 139.0.7258.138 (884e54ea8d4..., userDataDir: C:\Users\vaibh\AppData\Loca...}, fedcm:accounts: true, goog:chromeOptions: {debuggerAddress: localhost:62238}, networkConnectionEnabled: false, pageLoadStrategy: normal, platformName: windows, proxy: Proxy(), se:cdp: ws://localhost:62238/devtoo..., se:cdpVersion: 139.0.7258.128, setWindowRect: true, strictFileInteractability: false, timeouts: {implicit: 0, pageLoad: 300000, script: 30000}, unhandledPromptBehavior: dismiss and notify, webauthn:extension:credBlob: true, webauthn:extension:largeBlob: true, webauthn:extension:minPinLength: true, webauthn:extension:prf: true, webauthn:virtualAuthenticators: true}
Element: [[ChromeDriver: chrome on windows (b8c0522bc4f4692f6d0bf889794935ad)] -> xpath: //div[@class='right']/button[1]]
Session ID: b8c0522bc4f4692f6d0bf889794935ad]]>
            </message>
            <full-stacktrace>
              <![CDATA[org.openqa.selenium.StaleElementReferenceException: stale element reference: stale element not found in the current frame
  (Session info: chrome=139.0.7258.128)
For documentation on this error, please visit: https://www.selenium.dev/documentation/webdriver/troubleshooting/errors#stale-element-reference-exception
Build info: version: '4.21.0', revision: '79ed462ef4'
System info: os.name: 'Windows 11', os.arch: 'amd64', os.version: '10.0', java.version: '21.0.6'
Driver info: org.openqa.selenium.chrome.ChromeDriver
Command: [b8c0522bc4f4692f6d0bf889794935ad, isElementDisplayed {id=f.2073F07CC0EFB583A49E9DD161C649C6.d.FE1FF36E2082C8180A4428B5694116E2.e.81}]
Capabilities {acceptInsecureCerts: false, browserName: chrome, browserVersion: 139.0.7258.128, chrome: {chromedriverVersion: 139.0.7258.138 (884e54ea8d4..., userDataDir: C:\Users\vaibh\AppData\Loca...}, fedcm:accounts: true, goog:chromeOptions: {debuggerAddress: localhost:62238}, networkConnectionEnabled: false, pageLoadStrategy: normal, platformName: windows, proxy: Proxy(), se:cdp: ws://localhost:62238/devtoo..., se:cdpVersion: 139.0.7258.128, setWindowRect: true, strictFileInteractability: false, timeouts: {implicit: 0, pageLoad: 300000, script: 30000}, unhandledPromptBehavior: dismiss and notify, webauthn:extension:credBlob: true, webauthn:extension:largeBlob: true, webauthn:extension:minPinLength: true, webauthn:extension:prf: true, webauthn:virtualAuthenticators: true}
Element: [[ChromeDriver: chrome on windows (b8c0522bc4f4692f6d0bf889794935ad)] -> xpath: //div[@class='right']/button[1]]
Session ID: b8c0522bc4f4692f6d0bf889794935ad
at java.base/jdk.internal.reflect.DirectConstructorHandleAccessor.newInstance(DirectConstructorHandleAccessor.java:62)
at java.base/java.lang.reflect.Constructor.newInstanceWithCaller(Constructor.java:502)
at java.base/java.lang.reflect.Constructor.newInstance(Constructor.java:486)
at org.openqa.selenium.remote.ErrorCodec.decode(ErrorCodec.java:167)
at org.openqa.selenium.remote.codec.w3c.W3CHttpResponseCodec.decode(W3CHttpResponseCodec.java:138)
at org.openqa.selenium.remote.codec.w3c.W3CHttpResponseCodec.decode(W3CHttpResponseCodec.java:50)
at org.openqa.selenium.remote.HttpCommandExecutor.execute(HttpCommandExecutor.java:190)
at org.openqa.selenium.remote.service.DriverCommandExecutor.invokeExecute(DriverCommandExecutor.java:216)
at org.openqa.selenium.remote.service.DriverCommandExecutor.execute(DriverCommandExecutor.java:174)
at org.openqa.selenium.remote.RemoteWebDriver.execute(RemoteWebDriver.java:518)
at org.openqa.selenium.remote.RemoteWebElement.execute(RemoteWebElement.java:223)
at org.openqa.selenium.remote.RemoteWebElement.isDisplayed(RemoteWebElement.java:282)
at java.base/jdk.internal.reflect.DirectMethodHandleAccessor.invoke(DirectMethodHandleAccessor.java:103)
at java.base/java.lang.reflect.Method.invoke(Method.java:580)
at org.openqa.selenium.support.pagefactory.internal.LocatingElementHandler.invoke(LocatingElementHandler.java:51)
at jdk.proxy2/jdk.proxy2.$Proxy15.isDisplayed(Unknown Source)
at org.openqa.selenium.support.ui.ExpectedConditions.elementIfVisible(ExpectedConditions.java:304)
at org.openqa.selenium.support.ui.ExpectedConditions$10.apply(ExpectedConditions.java:290)
at org.openqa.selenium.support.ui.ExpectedConditions$10.apply(ExpectedConditions.java:287)
at org.openqa.selenium.support.ui.FluentWait.until(FluentWait.java:203)
at vaibhav.GlobalUseProperty.waitForVisibilityOfElement(GlobalUseProperty.java:22)
at vaibhav.Reports_Section.ReportFilter.filter(ReportFilter.java:73)
at vaibhav.AppTest.deviceFilterTest(AppTest.java:59)
at java.base/jdk.internal.reflect.DirectMethodHandleAccessor.invoke(DirectMethodHandleAccessor.java:103)
at java.base/java.lang.reflect.Method.invoke(Method.java:580)
at org.testng.internal.invokers.MethodInvocationHelper.invokeMethod(MethodInvocationHelper.java:139)
at org.testng.internal.invokers.TestInvoker.invokeMethod(TestInvoker.java:664)
at org.testng.internal.invokers.TestInvoker.invokeTestMethod(TestInvoker.java:228)
at org.testng.internal.invokers.MethodRunner.runInSequence(MethodRunner.java:63)
at org.testng.internal.invokers.TestInvoker$MethodInvocationAgent.invoke(TestInvoker.java:961)
at org.testng.internal.invokers.TestInvoker.invokeTestMethods(TestInvoker.java:201)
at org.testng.internal.invokers.TestMethodWorker.invokeTestMethods(TestMethodWorker.java:148)
at org.testng.internal.invokers.TestMethodWorker.run(TestMethodWorker.java:128)
at java.base/java.util.ArrayList.forEach(ArrayList.java:1596)
at org.testng.TestRunner.privateRun(TestRunner.java:819)
at org.testng.TestRunner.run(TestRunner.java:619)
at org.testng.SuiteRunner.runTest(SuiteRunner.java:443)
at org.testng.SuiteRunner.runSequentially(SuiteRunner.java:437)
at org.testng.SuiteRunner.privateRun(SuiteRunner.java:397)
at org.testng.SuiteRunner.run(SuiteRunner.java:336)
at org.testng.SuiteRunnerWorker.runSuite(SuiteRunnerWorker.java:52)
at org.testng.SuiteRunnerWorker.run(SuiteRunnerWorker.java:95)
at org.testng.TestNG.runSuitesSequentially(TestNG.java:1301)
at org.testng.TestNG.runSuitesLocally(TestNG.java:1228)
at org.testng.TestNG.runSuites(TestNG.java:1134)
at org.testng.TestNG.run(TestNG.java:1101)
at org.apache.maven.surefire.testng.TestNGExecutor.run(TestNGExecutor.java:308)
at org.apache.maven.surefire.testng.TestNGXmlTestSuite.execute(TestNGXmlTestSuite.java:71)
at org.apache.maven.surefire.testng.TestNGProvider.invoke(TestNGProvider.java:113)
at org.apache.maven.surefire.booter.ForkedBooter.runSuitesInProcess(ForkedBooter.java:385)
at org.apache.maven.surefire.booter.ForkedBooter.execute(ForkedBooter.java:162)
at org.apache.maven.surefire.booter.ForkedBooter.run(ForkedBooter.java:507)
at org.apache.maven.surefire.booter.ForkedBooter.main(ForkedBooter.java:495)
]]>
            </full-stacktrace>
          </exception> <!-- org.openqa.selenium.StaleElementReferenceException -->
          <reporter-output>
          </reporter-output>
        </test-method> <!-- deviceFilterTest -->
        <test-method signature="deviceFilterTest()[pri:0, instance:vaibhav.AppTest@4b79ac84, instance params:[]]" started-at="2025-08-22T02:20:28 IST" name="deviceFilterTest" finished-at="2025-08-22T02:20:30 IST" duration-ms="2195" status="PASS">
          <reporter-output>
          </reporter-output>
        </test-method> <!-- deviceFilterTest -->
        <test-method retried="true" signature="deviceFilterTest()[pri:0, instance:vaibhav.AppTest@52c3cb31, instance params:[]]" started-at="2025-08-22T02:20:30 IST" name="deviceFilterTest" finished-at="2025-08-22T02:20:30 IST" duration-ms="531" status="SKIP">
          <exception class="org.openqa.selenium.StaleElementReferenceException">
            <message>
              <![CDATA[stale element reference: stale element not found in the current frame
  (Session info: chrome=139.0.7258.128)
For documentation on this error, please visit: https://www.selenium.dev/documentation/webdriver/troubleshooting/errors#stale-element-reference-exception
Build info: version: '4.21.0', revision: '79ed462ef4'
System info: os.name: 'Windows 11', os.arch: 'amd64', os.version: '10.0', java.version: '21.0.6'
Driver info: org.openqa.selenium.chrome.ChromeDriver
Command: [567d27b4c76f930c2c9cdd4db18ccab3, isElementDisplayed {id=f.214C1EC82824C4DD418D29AD87637A7D.d.1DDACAC64819114C39D1C5602B9CF68C.e.82}]
Capabilities {acceptInsecureCerts: false, browserName: chrome, browserVersion: 139.0.7258.128, chrome: {chromedriverVersion: 139.0.7258.138 (884e54ea8d4..., userDataDir: C:\Users\vaibh\AppData\Loca...}, fedcm:accounts: true, goog:chromeOptions: {debuggerAddress: localhost:62278}, networkConnectionEnabled: false, pageLoadStrategy: normal, platformName: windows, proxy: Proxy(), se:cdp: ws://localhost:62278/devtoo..., se:cdpVersion: 139.0.7258.128, setWindowRect: true, strictFileInteractability: false, timeouts: {implicit: 0, pageLoad: 300000, script: 30000}, unhandledPromptBehavior: dismiss and notify, webauthn:extension:credBlob: true, webauthn:extension:largeBlob: true, webauthn:extension:minPinLength: true, webauthn:extension:prf: true, webauthn:virtualAuthenticators: true}
Element: [[ChromeDriver: chrome on windows (567d27b4c76f930c2c9cdd4db18ccab3)] -> xpath: //div[@class='right']/button[1]]
Session ID: 567d27b4c76f930c2c9cdd4db18ccab3]]>
            </message>
            <full-stacktrace>
              <![CDATA[org.openqa.selenium.StaleElementReferenceException: stale element reference: stale element not found in the current frame
  (Session info: chrome=139.0.7258.128)
For documentation on this error, please visit: https://www.selenium.dev/documentation/webdriver/troubleshooting/errors#stale-element-reference-exception
Build info: version: '4.21.0', revision: '79ed462ef4'
System info: os.name: 'Windows 11', os.arch: 'amd64', os.version: '10.0', java.version: '21.0.6'
Driver info: org.openqa.selenium.chrome.ChromeDriver
Command: [567d27b4c76f930c2c9cdd4db18ccab3, isElementDisplayed {id=f.214C1EC82824C4DD418D29AD87637A7D.d.1DDACAC64819114C39D1C5602B9CF68C.e.82}]
Capabilities {acceptInsecureCerts: false, browserName: chrome, browserVersion: 139.0.7258.128, chrome: {chromedriverVersion: 139.0.7258.138 (884e54ea8d4..., userDataDir: C:\Users\vaibh\AppData\Loca...}, fedcm:accounts: true, goog:chromeOptions: {debuggerAddress: localhost:62278}, networkConnectionEnabled: false, pageLoadStrategy: normal, platformName: windows, proxy: Proxy(), se:cdp: ws://localhost:62278/devtoo..., se:cdpVersion: 139.0.7258.128, setWindowRect: true, strictFileInteractability: false, timeouts: {implicit: 0, pageLoad: 300000, script: 30000}, unhandledPromptBehavior: dismiss and notify, webauthn:extension:credBlob: true, webauthn:extension:largeBlob: true, webauthn:extension:minPinLength: true, webauthn:extension:prf: true, webauthn:virtualAuthenticators: true}
Element: [[ChromeDriver: chrome on windows (567d27b4c76f930c2c9cdd4db18ccab3)] -> xpath: //div[@class='right']/button[1]]
Session ID: 567d27b4c76f930c2c9cdd4db18ccab3
at java.base/jdk.internal.reflect.DirectConstructorHandleAccessor.newInstance(DirectConstructorHandleAccessor.java:62)
at java.base/java.lang.reflect.Constructor.newInstanceWithCaller(Constructor.java:502)
at java.base/java.lang.reflect.Constructor.newInstance(Constructor.java:486)
at org.openqa.selenium.remote.ErrorCodec.decode(ErrorCodec.java:167)
at org.openqa.selenium.remote.codec.w3c.W3CHttpResponseCodec.decode(W3CHttpResponseCodec.java:138)
at org.openqa.selenium.remote.codec.w3c.W3CHttpResponseCodec.decode(W3CHttpResponseCodec.java:50)
at org.openqa.selenium.remote.HttpCommandExecutor.execute(HttpCommandExecutor.java:190)
at org.openqa.selenium.remote.service.DriverCommandExecutor.invokeExecute(DriverCommandExecutor.java:216)
at org.openqa.selenium.remote.service.DriverCommandExecutor.execute(DriverCommandExecutor.java:174)
at org.openqa.selenium.remote.RemoteWebDriver.execute(RemoteWebDriver.java:518)
at org.openqa.selenium.remote.RemoteWebElement.execute(RemoteWebElement.java:223)
at org.openqa.selenium.remote.RemoteWebElement.isDisplayed(RemoteWebElement.java:282)
at java.base/jdk.internal.reflect.DirectMethodHandleAccessor.invoke(DirectMethodHandleAccessor.java:103)
at java.base/java.lang.reflect.Method.invoke(Method.java:580)
at org.openqa.selenium.support.pagefactory.internal.LocatingElementHandler.invoke(LocatingElementHandler.java:51)
at jdk.proxy2/jdk.proxy2.$Proxy15.isDisplayed(Unknown Source)
at org.openqa.selenium.support.ui.ExpectedConditions.elementIfVisible(ExpectedConditions.java:304)
at org.openqa.selenium.support.ui.ExpectedConditions$10.apply(ExpectedConditions.java:290)
at org.openqa.selenium.support.ui.ExpectedConditions$10.apply(ExpectedConditions.java:287)
at org.openqa.selenium.support.ui.FluentWait.until(FluentWait.java:203)
at vaibhav.GlobalUseProperty.waitForVisibilityOfElement(GlobalUseProperty.java:22)
at vaibhav.Reports_Section.ReportFilter.filter(ReportFilter.java:73)
at vaibhav.AppTest.deviceFilterTest(AppTest.java:59)
at java.base/jdk.internal.reflect.DirectMethodHandleAccessor.invoke(DirectMethodHandleAccessor.java:103)
at java.base/java.lang.reflect.Method.invoke(Method.java:580)
at org.testng.internal.invokers.MethodInvocationHelper.invokeMethod(MethodInvocationHelper.java:139)
at org.testng.internal.invokers.TestInvoker.invokeMethod(TestInvoker.java:664)
at org.testng.internal.invokers.TestInvoker.invokeTestMethod(TestInvoker.java:228)
at org.testng.internal.invokers.MethodRunner.runInSequence(MethodRunner.java:63)
at org.testng.internal.invokers.TestInvoker$MethodInvocationAgent.invoke(TestInvoker.java:961)
at org.testng.internal.invokers.TestInvoker.invokeTestMethods(TestInvoker.java:201)
at org.testng.internal.invokers.TestMethodWorker.invokeTestMethods(TestMethodWorker.java:148)
at org.testng.internal.invokers.TestMethodWorker.run(TestMethodWorker.java:128)
at java.base/java.util.ArrayList.forEach(ArrayList.java:1596)
at org.testng.TestRunner.privateRun(TestRunner.java:819)
at org.testng.TestRunner.run(TestRunner.java:619)
at org.testng.SuiteRunner.runTest(SuiteRunner.java:443)
at org.testng.SuiteRunner.runSequentially(SuiteRunner.java:437)
at org.testng.SuiteRunner.privateRun(SuiteRunner.java:397)
at org.testng.SuiteRunner.run(SuiteRunner.java:336)
at org.testng.SuiteRunnerWorker.runSuite(SuiteRunnerWorker.java:52)
at org.testng.SuiteRunnerWorker.run(SuiteRunnerWorker.java:95)
at org.testng.TestNG.runSuitesSequentially(TestNG.java:1301)
at org.testng.TestNG.runSuitesLocally(TestNG.java:1228)
at org.testng.TestNG.runSuites(TestNG.java:1134)
at org.testng.TestNG.run(TestNG.java:1101)
at org.apache.maven.surefire.testng.TestNGExecutor.run(TestNGExecutor.java:308)
at org.apache.maven.surefire.testng.TestNGXmlTestSuite.execute(TestNGXmlTestSuite.java:71)
at org.apache.maven.surefire.testng.TestNGProvider.invoke(TestNGProvider.java:113)
at org.apache.maven.surefire.booter.ForkedBooter.runSuitesInProcess(ForkedBooter.java:385)
at org.apache.maven.surefire.booter.ForkedBooter.execute(ForkedBooter.java:162)
at org.apache.maven.surefire.booter.ForkedBooter.run(ForkedBooter.java:507)
at org.apache.maven.surefire.booter.ForkedBooter.main(ForkedBooter.java:495)
]]>
            </full-stacktrace>
          </exception> <!-- org.openqa.selenium.StaleElementReferenceException -->
          <reporter-output>
          </reporter-output>
        </test-method> <!-- deviceFilterTest -->
        <test-method signature="deviceFilterTest()[pri:0, instance:vaibhav.AppTest@52c3cb31, instance params:[]]" started-at="2025-08-22T02:20:31 IST" name="deviceFilterTest" finished-at="2025-08-22T02:20:34 IST" duration-ms="2469" status="PASS">
          <reporter-output>
          </reporter-output>
        </test-method> <!-- deviceFilterTest -->
        <test-method signature="applyClearAllFilters()[pri:0, instance:vaibhav.AppTest@4b79ac84, instance params:[]]" started-at="2025-08-22T02:20:34 IST" name="applyClearAllFilters" finished-at="2025-08-22T02:20:35 IST" duration-ms="1317" status="PASS">
          <reporter-output>
          </reporter-output>
        </test-method> <!-- applyClearAllFilters -->
        <test-method signature="applyClearAllFilters()[pri:0, instance:vaibhav.AppTest@52c3cb31, instance params:[]]" started-at="2025-08-22T02:20:35 IST" name="applyClearAllFilters" finished-at="2025-08-22T02:20:37 IST" duration-ms="1254" status="PASS">
          <reporter-output>
          </reporter-output>
        </test-method> <!-- applyClearAllFilters -->
        <test-method signature="applyAgeFilter()[pri:0, instance:vaibhav.AppTest@4b79ac84, instance params:[]]" started-at="2025-08-22T02:20:37 IST" name="applyAgeFilter" finished-at="2025-08-22T02:20:39 IST" duration-ms="2280" status="PASS">
          <reporter-output>
          </reporter-output>
        </test-method> <!-- applyAgeFilter -->
        <test-method signature="applyAgeFilter()[pri:0, instance:vaibhav.AppTest@52c3cb31, instance params:[]]" started-at="2025-08-22T02:20:39 IST" name="applyAgeFilter" finished-at="2025-08-22T02:20:41 IST" duration-ms="2193" status="PASS">
          <reporter-output>
          </reporter-output>
        </test-method> <!-- applyAgeFilter -->
        <test-method signature="applyEmotionFilter()[pri:0, instance:vaibhav.AppTest@4b79ac84, instance params:[]]" started-at="2025-08-22T02:20:41 IST" name="applyEmotionFilter" finished-at="2025-08-22T02:20:43 IST" duration-ms="2420" status="PASS">
          <reporter-output>
          </reporter-output>
        </test-method> <!-- applyEmotionFilter -->
        <test-method signature="applyEmotionFilter()[pri:0, instance:vaibhav.AppTest@52c3cb31, instance params:[]]" started-at="2025-08-22T02:20:43 IST" name="applyEmotionFilter" finished-at="2025-08-22T02:20:46 IST" duration-ms="2239" status="PASS">
          <reporter-output>
          </reporter-output>
        </test-method> <!-- applyEmotionFilter -->
        <test-method signature="applyEventPerPageFilter()[pri:0, instance:vaibhav.AppTest@4b79ac84, instance params:[]]" started-at="2025-08-22T02:20:46 IST" name="applyEventPerPageFilter" finished-at="2025-08-22T02:20:48 IST" duration-ms="2108" status="PASS">
          <reporter-output>
          </reporter-output>
        </test-method> <!-- applyEventPerPageFilter -->
        <test-method signature="applyEventPerPageFilter()[pri:0, instance:vaibhav.AppTest@52c3cb31, instance params:[]]" started-at="2025-08-22T02:20:48 IST" name="applyEventPerPageFilter" finished-at="2025-08-22T02:20:50 IST" duration-ms="1989" status="PASS">
          <reporter-output>
          </reporter-output>
        </test-method> <!-- applyEventPerPageFilter -->
        <test-method signature="applyGlassesFilter()[pri:0, instance:vaibhav.AppTest@4b79ac84, instance params:[]]" started-at="2025-08-22T02:20:50 IST" name="applyGlassesFilter" finished-at="2025-08-22T02:20:53 IST" duration-ms="2834" status="PASS">
          <reporter-output>
          </reporter-output>
        </test-method> <!-- applyGlassesFilter -->
        <test-method signature="applyGlassesFilter()[pri:0, instance:vaibhav.AppTest@52c3cb31, instance params:[]]" started-at="2025-08-22T02:20:53 IST" name="applyGlassesFilter" finished-at="2025-08-22T02:20:55 IST" duration-ms="2244" status="PASS">
          <reporter-output>
          </reporter-output>
        </test-method> <!-- applyGlassesFilter -->
        <test-method signature="applyMaskFilter()[pri:0, instance:vaibhav.AppTest@4b79ac84, instance params:[]]" started-at="2025-08-22T02:20:55 IST" name="applyMaskFilter" finished-at="2025-08-22T02:20:58 IST" duration-ms="2890" status="PASS">
          <reporter-output>
          </reporter-output>
        </test-method> <!-- applyMaskFilter -->
        <test-method signature="applyMaskFilter()[pri:0, instance:vaibhav.AppTest@52c3cb31, instance params:[]]" started-at="2025-08-22T02:20:58 IST" name="applyMaskFilter" finished-at="2025-08-22T02:21:00 IST" duration-ms="2529" status="PASS">
          <reporter-output>
          </reporter-output>
        </test-method> <!-- applyMaskFilter -->
        <test-method signature="applyGenderFilter()[pri:0, instance:vaibhav.AppTest@4b79ac84, instance params:[]]" started-at="2025-08-22T02:21:00 IST" name="applyGenderFilter" finished-at="2025-08-22T02:21:03 IST" duration-ms="2394" status="PASS">
          <reporter-output>
          </reporter-output>
        </test-method> <!-- applyGenderFilter -->
        <test-method signature="applyGenderFilter()[pri:0, instance:vaibhav.AppTest@52c3cb31, instance params:[]]" started-at="2025-08-22T02:21:03 IST" name="applyGenderFilter" finished-at="2025-08-22T02:21:05 IST" duration-ms="2428" status="PASS">
          <reporter-output>
          </reporter-output>
        </test-method> <!-- applyGenderFilter -->
        <test-method signature="applyDetectionConfFilter()[pri:0, instance:vaibhav.AppTest@4b79ac84, instance params:[]]" started-at="2025-08-22T02:21:05 IST" name="applyDetectionConfFilter" finished-at="2025-08-22T02:21:07 IST" duration-ms="2070" status="PASS">
          <reporter-output>
          </reporter-output>
        </test-method> <!-- applyDetectionConfFilter -->
        <test-method is-config="true" signature="tearDown()[pri:0, instance:vaibhav.AppTest@4b79ac84, instance params:[]]" started-at="2025-08-22T02:21:07 IST" name="tearDown" finished-at="2025-08-22T02:21:08 IST" duration-ms="397" status="PASS">
          <reporter-output>
          </reporter-output>
        </test-method> <!-- tearDown -->
        <test-method signature="applyDetectionConfFilter()[pri:0, instance:vaibhav.AppTest@52c3cb31, instance params:[]]" started-at="2025-08-22T02:21:08 IST" name="applyDetectionConfFilter" finished-at="2025-08-22T02:21:10 IST" duration-ms="2014" status="PASS">
          <reporter-output>
          </reporter-output>
        </test-method> <!-- applyDetectionConfFilter -->
        <test-method is-config="true" signature="tearDown()[pri:0, instance:vaibhav.AppTest@4b79ac84, instance params:[]]" started-at="2025-08-22T02:21:10 IST" name="tearDown" finished-at="2025-08-22T02:21:10 IST" duration-ms="387" status="PASS">
          <reporter-output>
          </reporter-output>
        </test-method> <!-- tearDown -->
      </class> <!-- vaibhav.AppTest -->
    </test> <!-- Test -->
  </suite> <!-- Suite -->
</testng-results>
