<?xml version="1.0" encoding="UTF-8"?>
<!-- Generated by org.testng.reporters.JUnitReportReporter -->
<testsuite hostname="Vaibhav" failures="0" tests="3" name="vaibhav.AppTest" time="2.684" errors="0" timestamp="2025-08-12T14:29:30 IST" skipped="0">
  <testcase classname="vaibhav.AppTest" name="loginTestInvalidData" time="2.464"/>
  <testcase classname="vaibhav.AppTest" name="loginTestValidData" time="0.219"/>
  <testcase classname="vaibhav.AppTest" name="shouldAnswerWithTrue" time="0.001"/>
</testsuite> <!-- vaibhav.AppTest -->
