<?xml version="1.0" encoding="UTF-8"?>
<!-- Generated by org.testng.reporters.JUnitReportReporter -->
<testsuite hostname="Vaibhav" failures="0" tests="12" name="vaibhav.AppTest1" time="19.394" errors="0" timestamp="2025-08-24T01:24:04 IST" skipped="1">
  <testcase classname="vaibhav.AppTest1" name="applyDetectionConfFilter" time="1.288"/>
  <testcase classname="vaibhav.AppTest1" name="loginTestValidData" time="2.335"/>
  <testcase classname="vaibhav.AppTest1" name="applyGlassesFilter" time="1.539"/>
  <testcase classname="vaibhav.AppTest1" name="applyGenderFilter" time="1.624"/>
  <testcase classname="vaibhav.AppTest1" name="loginTestInvalidData" time="2.433"/>
  <testcase classname="vaibhav.AppTest1" name="deviceFilterTest" time="1.492"/>
  <testcase classname="vaibhav.AppTest1" name="applyEventPerPageFilter" time="1.668"/>
  <testcase classname="vaibhav.AppTest1" name="applyEmotionFilter" time="1.826"/>
  <testcase classname="vaibhav.AppTest1" name="applyAgeFilter" time="1.868"/>
  <testcase classname="vaibhav.AppTest1" name="deviceFilterTest" time="0.283">
    <skipped/>
  </testcase> <!-- deviceFilterTest -->
  <testcase classname="vaibhav.AppTest1" name="applyClearAllFilters" time="1.113"/>
  <testcase classname="vaibhav.AppTest1" name="applyMaskFilter" time="1.925"/>
</testsuite> <!-- vaibhav.AppTest1 -->
